<?xml version="1.0" encoding="UTF-8"?>
<testng-results total="1" passed="1" failed="0" skipped="0">
  <reporter-output>
  </reporter-output>
  <suite started-at="2024-09-18T17:39:20Z" name="Suite" finished-at="2024-09-18T17:40:04Z" duration-ms="44689">
    <groups>
    </groups>
    <test started-at="2024-09-18T17:39:20Z" name="Test" finished-at="2024-09-18T17:40:04Z" duration-ms="44689">
      <class name="package1.LaunchApp">
        <test-method signature="launchTest()[pri:0, instance:package1.LaunchApp@7674f035]" started-at="2024-09-18T23:09:20Z" name="launchTest" finished-at="2024-09-18T23:10:04Z" duration-ms="44670" status="PASS">
          <reporter-output>
          </reporter-output>
        </test-method> <!-- launchTest -->
      </class> <!-- package1.LaunchApp -->
    </test> <!-- Test -->
  </suite> <!-- Suite -->
</testng-results>
