<?xml version="1.0" encoding="UTF-8"?>
<testng-results total="1" passed="1" failed="0" skipped="0">
  <reporter-output>
  </reporter-output>
  <suite started-at="2024-09-18T01:49:44Z" name="Default suite" finished-at="2024-09-18T01:49:50Z" duration-ms="6277">
    <groups>
    </groups>
    <test started-at="2024-09-18T01:49:44Z" name="Default test" finished-at="2024-09-18T01:49:50Z" duration-ms="6277">
      <class name="package1.LaunchApp">
        <test-method signature="launchTest()[pri:0, instance:package1.LaunchApp@7d898981]" started-at="2024-09-18T07:19:44Z" name="launchTest" finished-at="2024-09-18T07:19:50Z" duration-ms="6253" status="PASS">
          <reporter-output>
          </reporter-output>
        </test-method> <!-- launchTest -->
      </class> <!-- package1.LaunchApp -->
    </test> <!-- Default test -->
  </suite> <!-- Default suite -->
</testng-results>
